<!DOCTYPE html>

<html>
  <head>
  <meta charset='utf-8'>
  <title>TestNG reports</title>

    <link type="text/css" href="testng-reports1.css" rel="stylesheet" id="ultra" />
    <link type="text/css" href="testng-reports.css" rel="stylesheet" id="retro" disabled="false"/>
    <script type="text/javascript" src="jquery.min.js"></script>
    <script type="text/javascript" src="testng-reports.js"></script>
    <script type="text/javascript" src="https://www.google.com/jsapi"></script>
    <script type='text/javascript'>
      google.load('visualization', '1', {packages:['table']});
      google.setOnLoadCallback(drawTable);
      var suiteTableInitFunctions = new Array();
      var suiteTableData = new Array();
    </script>
    <!--
      <script type="text/javascript" src="jquery-ui/js/jquery-ui-1.8.16.custom.min.js"></script>
     -->
  </head>

  <body>
    <div class="top-banner-root">
      <span class="top-banner-title-font">Test results</span>
      <button class="button" id="button">Switch Retro Theme</button> <!-- button -->
      <br/>
      <span class="top-banner-font-1">1 suite</span>
    </div> <!-- top-banner-root -->
    <div class="navigator-root">
      <div class="navigator-suite-header">
        <span>All suites</span>
        <a href="#" class="collapse-all-link" title="Collapse/expand all the suites">
          <img class="collapse-all-icon" src="collapseall.gif">
          </img> <!-- collapse-all-icon -->
        </a> <!-- collapse-all-link -->
      </div> <!-- navigator-suite-header -->
      <div class="suite">
        <div class="rounded-window">
          <div class="suite-header light-rounded-window-top">
            <a href="#" class="navigator-link" panel-name="suite-Suite">
              <span class="suite-name border-skipped">Suite</span>
            </a> <!-- navigator-link -->
          </div> <!-- suite-header light-rounded-window-top -->
          <div class="navigator-suite-content">
            <div class="suite-section-title">
              <span>Info</span>
            </div> <!-- suite-section-title -->
            <div class="suite-section-content">
              <ul>
                <li>
                  <a href="#" class="navigator-link " panel-name="test-xml-Suite">
                    <span>C:\Users\My\eclipse-workspace\MyStoreProject\testng_all.xml</span>
                  </a> <!-- navigator-link  -->
                </li>
                <li>
                  <a href="#" class="navigator-link " panel-name="testlist-Suite">
                    <span class="test-stats">1 test</span>
                  </a> <!-- navigator-link  -->
                </li>
                <li>
                  <a href="#" class="navigator-link " panel-name="group-Suite">
                    <span>3 groups</span>
                  </a> <!-- navigator-link  -->
                </li>
                <li>
                  <a href="#" class="navigator-link " panel-name="times-Suite">
                    <span>Times</span>
                  </a> <!-- navigator-link  -->
                </li>
                <li>
                  <a href="#" class="navigator-link " panel-name="reporter-Suite">
                    <span>Reporter output</span>
                  </a> <!-- navigator-link  -->
                </li>
                <li>
                  <a href="#" class="navigator-link " panel-name="ignored-methods-Suite">
                    <span>Ignored methods</span>
                  </a> <!-- navigator-link  -->
                </li>
                <li>
                  <a href="#" class="navigator-link " panel-name="chronological-Suite">
                    <span>Chronological view</span>
                  </a> <!-- navigator-link  -->
                </li>
              </ul>
            </div> <!-- suite-section-content -->
            <div class="result-section">
              <div class="suite-section-title">
                <span>Results</span>
              </div> <!-- suite-section-title -->
              <div class="suite-section-content">
                <ul>
                  <li>
                    <span class="method-stats">10 methods,  10 skipped,  </span>
                  </li>
                  <li>
                    <span class="method-list-title skipped">Skipped methods</span>
                    <span class="show-or-hide-methods skipped">
                      <a href="#" panel-name="suite-Suite" class="hide-methods skipped suite-Suite"> (hide)</a> <!-- hide-methods skipped suite-Suite -->
                      <a href="#" panel-name="suite-Suite" class="show-methods skipped suite-Suite"> (show)</a> <!-- show-methods skipped suite-Suite -->
                    </span>
                    <div class="method-list-content skipped suite-Suite">
                      <span>
                        <img width="3%" src="skipped.png"/>
                        <a href="#" class="method navigator-link" panel-name="suite-Suite" title="com.mystore.testcases.AddToCartPageTest" hash-for-method="addToCartTest">addToCartTest</a> <!-- method navigator-link -->
                      </span>
                      <br/>
                      <span>
                        <img width="3%" src="skipped.png"/>
                        <a href="#" class="method navigator-link" panel-name="suite-Suite" title="com.mystore.testcases.EndToEndTest" hash-for-method="endToEndTest">endToEndTest</a> <!-- method navigator-link -->
                      </span>
                      <br/>
                      <span>
                        <img width="3%" src="skipped.png"/>
                        <a href="#" class="method navigator-link" panel-name="suite-Suite" title="com.mystore.testcases.LoginPageTest" hash-for-method="loginTest(myadmin@xyz.com, myadmin@123)">loginTest(myadmin@xyz.com, myadmin@123)</a> <!-- method navigator-link -->
                      </span>
                      <br/>
                      <span>
                        <img width="3%" src="skipped.png"/>
                        <a href="#" class="method navigator-link" panel-name="suite-Suite" title="com.mystore.testcases.HomePageTest" hash-for-method="orderHistoryAndDetailsTest">orderHistoryAndDetailsTest</a> <!-- method navigator-link -->
                      </span>
                      <br/>
                      <span>
                        <img width="3%" src="skipped.png"/>
                        <a href="#" class="method navigator-link" panel-name="suite-Suite" title="com.mystore.testcases.SearchResultPageTest" hash-for-method="productAvailabilityTest">productAvailabilityTest</a> <!-- method navigator-link -->
                      </span>
                      <br/>
                      <span>
                        <img width="3%" src="skipped.png"/>
                        <a href="#" class="method navigator-link" panel-name="suite-Suite" title="com.mystore.testcases.AccountCreationPageTest" hash-for-method="verifyCreateAccountPageTest">verifyCreateAccountPageTest</a> <!-- method navigator-link -->
                      </span>
                      <br/>
                      <span>
                        <img width="3%" src="skipped.png"/>
                        <a href="#" class="method navigator-link" panel-name="suite-Suite" title="com.mystore.testcases.IndexPageTest" hash-for-method="verifyLogo">verifyLogo</a> <!-- method navigator-link -->
                      </span>
                      <br/>
                      <span>
                        <img width="3%" src="skipped.png"/>
                        <a href="#" class="method navigator-link" panel-name="suite-Suite" title="com.mystore.testcases.IndexPageTest" hash-for-method="verifyTitle">verifyTitle</a> <!-- method navigator-link -->
                      </span>
                      <br/>
                      <span>
                        <img width="3%" src="skipped.png"/>
                        <a href="#" class="method navigator-link" panel-name="suite-Suite" title="com.mystore.testcases.OrderPageTest" hash-for-method="verifyTotalPrice">verifyTotalPrice</a> <!-- method navigator-link -->
                      </span>
                      <br/>
                      <span>
                        <img width="3%" src="skipped.png"/>
                        <a href="#" class="method navigator-link" panel-name="suite-Suite" title="com.mystore.testcases.HomePageTest" hash-for-method="wishListTest">wishListTest</a> <!-- method navigator-link -->
                      </span>
                      <br/>
                    </div> <!-- method-list-content skipped suite-Suite -->
                  </li>
                </ul>
              </div> <!-- suite-section-content -->
            </div> <!-- result-section -->
          </div> <!-- navigator-suite-content -->
        </div> <!-- rounded-window -->
      </div> <!-- suite -->
    </div> <!-- navigator-root -->
    <div class="wrapper">
      <div class="main-panel-root">
        <div panel-name="suite-Suite" class="panel Suite">
          <div class="suite-Suite-class-skipped">
            <div class="main-panel-header rounded-window-top">
              <img src="skipped.png"/>
              <span class="class-name">com.mystore.testcases.AccountCreationPageTest</span>
            </div> <!-- main-panel-header rounded-window-top -->
            <div class="main-panel-content rounded-window-bottom">
              <div class="method">
                <div class="method-content">
                  <a name="verifyCreateAccountPageTest">
                  </a> <!-- verifyCreateAccountPageTest -->
                  <span class="method-name">verifyCreateAccountPageTest</span>
                  <div class="stack-trace">org.testng.TestNGException: 
Parameter &apos;browser&apos; is required by BeforeMethod on method setUp but has not been marked @Optional or defined
in C:\Users\My\eclipse-workspace\MyStoreProject\testng_all.xml
	at java.util.ArrayList.forEach(ArrayList.java:1259)
... Removed 28 stack frames
</div> <!-- stack-trace -->
                </div> <!-- method-content -->
              </div> <!-- method -->
            </div> <!-- main-panel-content rounded-window-bottom -->
          </div> <!-- suite-Suite-class-skipped -->
          <div class="suite-Suite-class-skipped">
            <div class="main-panel-header rounded-window-top">
              <img src="skipped.png"/>
              <span class="class-name">com.mystore.testcases.HomePageTest</span>
            </div> <!-- main-panel-header rounded-window-top -->
            <div class="main-panel-content rounded-window-bottom">
              <div class="method">
                <div class="method-content">
                  <a name="orderHistoryAndDetailsTest">
                  </a> <!-- orderHistoryAndDetailsTest -->
                  <span class="method-name">orderHistoryAndDetailsTest</span>
                  <div class="stack-trace">org.testng.TestNGException: 
Parameter &apos;browser&apos; is required by BeforeMethod on method setUp but has not been marked @Optional or defined
in C:\Users\My\eclipse-workspace\MyStoreProject\testng_all.xml
	at java.util.ArrayList.forEach(ArrayList.java:1259)
... Removed 28 stack frames
</div> <!-- stack-trace -->
                </div> <!-- method-content -->
              </div> <!-- method -->
              <div class="method">
                <div class="method-content">
                  <a name="wishListTest">
                  </a> <!-- wishListTest -->
                  <span class="method-name">wishListTest</span>
                  <div class="stack-trace">org.testng.TestNGException: 
Parameter &apos;browser&apos; is required by BeforeMethod on method setUp but has not been marked @Optional or defined
in C:\Users\My\eclipse-workspace\MyStoreProject\testng_all.xml
	at java.util.ArrayList.forEach(ArrayList.java:1259)
... Removed 28 stack frames
</div> <!-- stack-trace -->
                </div> <!-- method-content -->
              </div> <!-- method -->
            </div> <!-- main-panel-content rounded-window-bottom -->
          </div> <!-- suite-Suite-class-skipped -->
          <div class="suite-Suite-class-skipped">
            <div class="main-panel-header rounded-window-top">
              <img src="skipped.png"/>
              <span class="class-name">com.mystore.testcases.EndToEndTest</span>
            </div> <!-- main-panel-header rounded-window-top -->
            <div class="main-panel-content rounded-window-bottom">
              <div class="method">
                <div class="method-content">
                  <a name="endToEndTest">
                  </a> <!-- endToEndTest -->
                  <span class="method-name">endToEndTest</span>
                  <div class="stack-trace">org.testng.TestNGException: 
Parameter &apos;browser&apos; is required by BeforeMethod on method setUp but has not been marked @Optional or defined
in C:\Users\My\eclipse-workspace\MyStoreProject\testng_all.xml
	at java.util.ArrayList.forEach(ArrayList.java:1259)
... Removed 28 stack frames
</div> <!-- stack-trace -->
                </div> <!-- method-content -->
              </div> <!-- method -->
            </div> <!-- main-panel-content rounded-window-bottom -->
          </div> <!-- suite-Suite-class-skipped -->
          <div class="suite-Suite-class-skipped">
            <div class="main-panel-header rounded-window-top">
              <img src="skipped.png"/>
              <span class="class-name">com.mystore.testcases.AddToCartPageTest</span>
            </div> <!-- main-panel-header rounded-window-top -->
            <div class="main-panel-content rounded-window-bottom">
              <div class="method">
                <div class="method-content">
                  <a name="addToCartTest">
                  </a> <!-- addToCartTest -->
                  <span class="method-name">addToCartTest</span>
                  <div class="stack-trace">org.testng.TestNGException: 
Parameter &apos;browser&apos; is required by BeforeMethod on method setUp but has not been marked @Optional or defined
in C:\Users\My\eclipse-workspace\MyStoreProject\testng_all.xml
	at java.util.ArrayList.forEach(ArrayList.java:1259)
... Removed 28 stack frames
</div> <!-- stack-trace -->
                </div> <!-- method-content -->
              </div> <!-- method -->
            </div> <!-- main-panel-content rounded-window-bottom -->
          </div> <!-- suite-Suite-class-skipped -->
          <div class="suite-Suite-class-skipped">
            <div class="main-panel-header rounded-window-top">
              <img src="skipped.png"/>
              <span class="class-name">com.mystore.testcases.LoginPageTest</span>
            </div> <!-- main-panel-header rounded-window-top -->
            <div class="main-panel-content rounded-window-bottom">
              <div class="method">
                <div class="method-content">
                  <a name="loginTest(myadmin@xyz.com, myadmin@123)">
                  </a> <!-- loginTest(myadmin@xyz.com, myadmin@123) -->
                  <span class="method-name">loginTest</span>
                  <span class="parameters">(myadmin@xyz.com, myadmin@123)</span>
                  <div class="stack-trace">org.testng.TestNGException: 
Parameter &apos;browser&apos; is required by BeforeMethod on method setUp but has not been marked @Optional or defined
in C:\Users\My\eclipse-workspace\MyStoreProject\testng_all.xml
	at java.util.ArrayList.forEach(ArrayList.java:1259)
... Removed 28 stack frames
</div> <!-- stack-trace -->
                </div> <!-- method-content -->
              </div> <!-- method -->
            </div> <!-- main-panel-content rounded-window-bottom -->
          </div> <!-- suite-Suite-class-skipped -->
          <div class="suite-Suite-class-skipped">
            <div class="main-panel-header rounded-window-top">
              <img src="skipped.png"/>
              <span class="class-name">com.mystore.testcases.SearchResultPageTest</span>
            </div> <!-- main-panel-header rounded-window-top -->
            <div class="main-panel-content rounded-window-bottom">
              <div class="method">
                <div class="method-content">
                  <a name="productAvailabilityTest">
                  </a> <!-- productAvailabilityTest -->
                  <span class="method-name">productAvailabilityTest</span>
                  <div class="stack-trace">org.testng.TestNGException: 
Parameter &apos;browser&apos; is required by BeforeMethod on method setUp but has not been marked @Optional or defined
in C:\Users\My\eclipse-workspace\MyStoreProject\testng_all.xml
	at java.util.ArrayList.forEach(ArrayList.java:1259)
... Removed 28 stack frames
</div> <!-- stack-trace -->
                </div> <!-- method-content -->
              </div> <!-- method -->
            </div> <!-- main-panel-content rounded-window-bottom -->
          </div> <!-- suite-Suite-class-skipped -->
          <div class="suite-Suite-class-skipped">
            <div class="main-panel-header rounded-window-top">
              <img src="skipped.png"/>
              <span class="class-name">com.mystore.testcases.IndexPageTest</span>
            </div> <!-- main-panel-header rounded-window-top -->
            <div class="main-panel-content rounded-window-bottom">
              <div class="method">
                <div class="method-content">
                  <a name="verifyLogo">
                  </a> <!-- verifyLogo -->
                  <span class="method-name">verifyLogo</span>
                  <div class="stack-trace">org.testng.TestNGException: 
Parameter &apos;browser&apos; is required by BeforeMethod on method setUp but has not been marked @Optional or defined
in C:\Users\My\eclipse-workspace\MyStoreProject\testng_all.xml
	at java.util.ArrayList.forEach(ArrayList.java:1259)
... Removed 28 stack frames
</div> <!-- stack-trace -->
                </div> <!-- method-content -->
              </div> <!-- method -->
              <div class="method">
                <div class="method-content">
                  <a name="verifyTitle">
                  </a> <!-- verifyTitle -->
                  <span class="method-name">verifyTitle</span>
                  <div class="stack-trace">org.testng.TestNGException: 
Parameter &apos;browser&apos; is required by BeforeMethod on method setUp but has not been marked @Optional or defined
in C:\Users\My\eclipse-workspace\MyStoreProject\testng_all.xml
	at java.util.ArrayList.forEach(ArrayList.java:1259)
... Removed 28 stack frames
</div> <!-- stack-trace -->
                </div> <!-- method-content -->
              </div> <!-- method -->
            </div> <!-- main-panel-content rounded-window-bottom -->
          </div> <!-- suite-Suite-class-skipped -->
          <div class="suite-Suite-class-skipped">
            <div class="main-panel-header rounded-window-top">
              <img src="skipped.png"/>
              <span class="class-name">com.mystore.testcases.OrderPageTest</span>
            </div> <!-- main-panel-header rounded-window-top -->
            <div class="main-panel-content rounded-window-bottom">
              <div class="method">
                <div class="method-content">
                  <a name="verifyTotalPrice">
                  </a> <!-- verifyTotalPrice -->
                  <span class="method-name">verifyTotalPrice</span>
                  <div class="stack-trace">org.testng.TestNGException: 
Parameter &apos;browser&apos; is required by BeforeMethod on method setUp but has not been marked @Optional or defined
in C:\Users\My\eclipse-workspace\MyStoreProject\testng_all.xml
	at java.util.ArrayList.forEach(ArrayList.java:1259)
... Removed 28 stack frames
</div> <!-- stack-trace -->
                </div> <!-- method-content -->
              </div> <!-- method -->
            </div> <!-- main-panel-content rounded-window-bottom -->
          </div> <!-- suite-Suite-class-skipped -->
        </div> <!-- panel Suite -->
        <div panel-name="test-xml-Suite" class="panel">
          <div class="main-panel-header rounded-window-top">
            <span class="header-content">C:\Users\My\eclipse-workspace\MyStoreProject\testng_all.xml</span>
          </div> <!-- main-panel-header rounded-window-top -->
          <div class="main-panel-content rounded-window-bottom">
            <pre>
&lt;?xml version=&quot;1.0&quot; encoding=&quot;UTF-8&quot;?&gt;
&lt;!DOCTYPE suite SYSTEM &quot;https://testng.org/testng-1.0.dtd&quot;&gt;
&lt;suite guice-stage=&quot;DEVELOPMENT&quot; name=&quot;Suite&quot;&gt;
  &lt;test thread-count=&quot;5&quot; name=&quot;Test&quot;&gt;
    &lt;classes&gt;
      &lt;class name=&quot;com.mystore.testcases.LoginPageTest&quot;/&gt;
      &lt;class name=&quot;com.mystore.testcases.EndToEndTest&quot;/&gt;
      &lt;class name=&quot;com.mystore.testcases.AccountCreationPageTest&quot;/&gt;
      &lt;class name=&quot;com.mystore.testcases.IndexPageTest&quot;/&gt;
      &lt;class name=&quot;com.mystore.testcases.SearchResultPageTest&quot;/&gt;
      &lt;class name=&quot;com.mystore.testcases.HomePageTest&quot;/&gt;
      &lt;class name=&quot;com.mystore.testcases.OrderPageTest&quot;/&gt;
      &lt;class name=&quot;com.mystore.testcases.AddToCartPageTest&quot;/&gt;
    &lt;/classes&gt;
  &lt;/test&gt; &lt;!-- Test --&gt;
&lt;/suite&gt; &lt;!-- Suite --&gt;
            </pre>
          </div> <!-- main-panel-content rounded-window-bottom -->
        </div> <!-- panel -->
        <div panel-name="testlist-Suite" class="panel">
          <div class="main-panel-header rounded-window-top">
            <span class="header-content">Tests for Suite</span>
          </div> <!-- main-panel-header rounded-window-top -->
          <div class="main-panel-content rounded-window-bottom">
            <ul>
              <li>
                <span class="test-name">Test (8 classes)</span>
              </li>
            </ul>
          </div> <!-- main-panel-content rounded-window-bottom -->
        </div> <!-- panel -->
        <div panel-name="group-Suite" class="panel">
          <div class="main-panel-header rounded-window-top">
            <span class="header-content">Groups for Suite</span>
          </div> <!-- main-panel-header rounded-window-top -->
          <div class="main-panel-content rounded-window-bottom">
            <div class="test-group">
              <span class="test-group-name">Regression</span>
              <br/>
              <div class="method-in-group">
                <span class="method-in-group-name">addToCartTest</span>
                <br/>
              </div> <!-- method-in-group -->
              <div class="method-in-group">
                <span class="method-in-group-name">endToEndTest</span>
                <br/>
              </div> <!-- method-in-group -->
              <div class="method-in-group">
                <span class="method-in-group-name">verifyTotalPrice</span>
                <br/>
              </div> <!-- method-in-group -->
            </div> <!-- test-group -->
            <div class="test-group">
              <span class="test-group-name">Sanity</span>
              <br/>
              <div class="method-in-group">
                <span class="method-in-group-name">addToCartTest</span>
                <br/>
              </div> <!-- method-in-group -->
              <div class="method-in-group">
                <span class="method-in-group-name">loginTest</span>
                <br/>
              </div> <!-- method-in-group -->
              <div class="method-in-group">
                <span class="method-in-group-name">verifyCreateAccountPageTest</span>
                <br/>
              </div> <!-- method-in-group -->
            </div> <!-- test-group -->
            <div class="test-group">
              <span class="test-group-name">Smoke</span>
              <br/>
              <div class="method-in-group">
                <span class="method-in-group-name">loginTest</span>
                <br/>
              </div> <!-- method-in-group -->
              <div class="method-in-group">
                <span class="method-in-group-name">orderHistoryAndDetailsTest</span>
                <br/>
              </div> <!-- method-in-group -->
              <div class="method-in-group">
                <span class="method-in-group-name">productAvailabilityTest</span>
                <br/>
              </div> <!-- method-in-group -->
              <div class="method-in-group">
                <span class="method-in-group-name">verifyLogo</span>
                <br/>
              </div> <!-- method-in-group -->
              <div class="method-in-group">
                <span class="method-in-group-name">verifyTitle</span>
                <br/>
              </div> <!-- method-in-group -->
              <div class="method-in-group">
                <span class="method-in-group-name">wishListTest</span>
                <br/>
              </div> <!-- method-in-group -->
            </div> <!-- test-group -->
          </div> <!-- main-panel-content rounded-window-bottom -->
        </div> <!-- panel -->
        <div panel-name="times-Suite" class="panel">
          <div class="main-panel-header rounded-window-top">
            <span class="header-content">Times for Suite</span>
          </div> <!-- main-panel-header rounded-window-top -->
          <div class="main-panel-content rounded-window-bottom">
            <div class="times-div">
              <script type="text/javascript">
suiteTableInitFunctions.push('tableData_Suite');
function tableData_Suite() {
var data = new google.visualization.DataTable();
data.addColumn('number', 'Number');
data.addColumn('string', 'Method');
data.addColumn('string', 'Class');
data.addColumn('number', 'Time (ms)');
data.addRows(10);
data.setCell(0, 0, 0)
data.setCell(0, 1, 'endToEndTest')
data.setCell(0, 2, 'com.mystore.testcases.EndToEndTest')
data.setCell(0, 3, 4);
data.setCell(1, 0, 1)
data.setCell(1, 1, 'verifyLogo')
data.setCell(1, 2, 'com.mystore.testcases.IndexPageTest')
data.setCell(1, 3, 0);
data.setCell(2, 0, 2)
data.setCell(2, 1, 'orderHistoryAndDetailsTest')
data.setCell(2, 2, 'com.mystore.testcases.HomePageTest')
data.setCell(2, 3, 0);
data.setCell(3, 0, 3)
data.setCell(3, 1, 'wishListTest')
data.setCell(3, 2, 'com.mystore.testcases.HomePageTest')
data.setCell(3, 3, 0);
data.setCell(4, 0, 4)
data.setCell(4, 1, 'productAvailabilityTest')
data.setCell(4, 2, 'com.mystore.testcases.SearchResultPageTest')
data.setCell(4, 3, 0);
data.setCell(5, 0, 5)
data.setCell(5, 1, 'loginTest')
data.setCell(5, 2, 'com.mystore.testcases.LoginPageTest')
data.setCell(5, 3, 0);
data.setCell(6, 0, 6)
data.setCell(6, 1, 'addToCartTest')
data.setCell(6, 2, 'com.mystore.testcases.AddToCartPageTest')
data.setCell(6, 3, 0);
data.setCell(7, 0, 7)
data.setCell(7, 1, 'verifyTitle')
data.setCell(7, 2, 'com.mystore.testcases.IndexPageTest')
data.setCell(7, 3, 0);
data.setCell(8, 0, 8)
data.setCell(8, 1, 'verifyCreateAccountPageTest')
data.setCell(8, 2, 'com.mystore.testcases.AccountCreationPageTest')
data.setCell(8, 3, 0);
data.setCell(9, 0, 9)
data.setCell(9, 1, 'verifyTotalPrice')
data.setCell(9, 2, 'com.mystore.testcases.OrderPageTest')
data.setCell(9, 3, 0);
window.suiteTableData['Suite']= { tableData: data, tableDiv: 'times-div-Suite'}
return data;
}
              </script>
              <span class="suite-total-time">Total running time: 4 ms</span>
              <div id="times-div-Suite">
              </div> <!-- times-div-Suite -->
            </div> <!-- times-div -->
          </div> <!-- main-panel-content rounded-window-bottom -->
        </div> <!-- panel -->
        <div panel-name="reporter-Suite" class="panel">
          <div class="main-panel-header rounded-window-top">
            <span class="header-content">Reporter output for Suite</span>
          </div> <!-- main-panel-header rounded-window-top -->
          <div class="main-panel-content rounded-window-bottom">
          </div> <!-- main-panel-content rounded-window-bottom -->
        </div> <!-- panel -->
        <div panel-name="ignored-methods-Suite" class="panel">
          <div class="main-panel-header rounded-window-top">
            <span class="header-content">14 ignored methods</span>
          </div> <!-- main-panel-header rounded-window-top -->
          <div class="main-panel-content rounded-window-bottom">
            <div class="ignored-class-div">
              <span class="ignored-class-name">com.mystore.testcases.HomePageTest</span>
              <div class="ignored-methods-div">
                <span class="ignored-method-name">afterSuite</span>
                <br/>
                <span class="ignored-method-name">loadConfig</span>
                <br/>
              </div> <!-- ignored-methods-div -->
            </div> <!-- ignored-class-div -->
            <div class="ignored-class-div">
              <span class="ignored-class-name">com.mystore.testcases.AccountCreationPageTest</span>
              <div class="ignored-methods-div">
                <span class="ignored-method-name">loadConfig</span>
                <br/>
                <span class="ignored-method-name">afterSuite</span>
                <br/>
              </div> <!-- ignored-methods-div -->
            </div> <!-- ignored-class-div -->
            <div class="ignored-class-div">
              <span class="ignored-class-name">com.mystore.testcases.EndToEndTest</span>
              <div class="ignored-methods-div">
                <span class="ignored-method-name">loadConfig</span>
                <br/>
                <span class="ignored-method-name">afterSuite</span>
                <br/>
              </div> <!-- ignored-methods-div -->
            </div> <!-- ignored-class-div -->
            <div class="ignored-class-div">
              <span class="ignored-class-name">com.mystore.testcases.AddToCartPageTest</span>
              <div class="ignored-methods-div">
                <span class="ignored-method-name">loadConfig</span>
                <br/>
                <span class="ignored-method-name">afterSuite</span>
                <br/>
              </div> <!-- ignored-methods-div -->
            </div> <!-- ignored-class-div -->
            <div class="ignored-class-div">
              <span class="ignored-class-name">com.mystore.testcases.SearchResultPageTest</span>
              <div class="ignored-methods-div">
                <span class="ignored-method-name">loadConfig</span>
                <br/>
                <span class="ignored-method-name">afterSuite</span>
                <br/>
              </div> <!-- ignored-methods-div -->
            </div> <!-- ignored-class-div -->
            <div class="ignored-class-div">
              <span class="ignored-class-name">com.mystore.testcases.IndexPageTest</span>
              <div class="ignored-methods-div">
                <span class="ignored-method-name">afterSuite</span>
                <br/>
                <span class="ignored-method-name">loadConfig</span>
                <br/>
              </div> <!-- ignored-methods-div -->
            </div> <!-- ignored-class-div -->
            <div class="ignored-class-div">
              <span class="ignored-class-name">com.mystore.testcases.OrderPageTest</span>
              <div class="ignored-methods-div">
                <span class="ignored-method-name">loadConfig</span>
                <br/>
                <span class="ignored-method-name">afterSuite</span>
                <br/>
              </div> <!-- ignored-methods-div -->
            </div> <!-- ignored-class-div -->
          </div> <!-- main-panel-content rounded-window-bottom -->
        </div> <!-- panel -->
        <div panel-name="chronological-Suite" class="panel">
          <div class="main-panel-header rounded-window-top">
            <span class="header-content">Methods in chronological order</span>
          </div> <!-- main-panel-header rounded-window-top -->
          <div class="main-panel-content rounded-window-bottom">
            <div class="chronological-class">
              <div class="chronological-class-name">com.mystore.testcases.LoginPageTest</div> <!-- chronological-class-name -->
              <div class="configuration-suite before">
                <span class="method-name">loadConfig</span>
                <span class="method-start">0 ms</span>
              </div> <!-- configuration-suite before -->
              <div class="test-method">
                <span class="method-name">loginTest(myadmin@xyz.com, myadmin@123)</span>
                <span class="method-start">3763 ms</span>
              </div> <!-- test-method -->
              <div class="configuration-method after">
                <span class="method-name">tearDown</span>
                <span class="method-start">3769 ms</span>
              </div> <!-- configuration-method after -->
            </div> <!-- chronological-class -->
            <div class="chronological-class">
              <div class="chronological-class-name">com.mystore.testcases.EndToEndTest</div> <!-- chronological-class-name -->
              <div class="test-method">
                <span class="method-name">endToEndTest</span>
                <span class="method-start">3778 ms</span>
              </div> <!-- test-method -->
              <div class="configuration-method after">
                <span class="method-name">tearDown</span>
                <span class="method-start">3785 ms</span>
              </div> <!-- configuration-method after -->
            </div> <!-- chronological-class -->
            <div class="chronological-class">
              <div class="chronological-class-name">com.mystore.testcases.AccountCreationPageTest</div> <!-- chronological-class-name -->
              <div class="test-method">
                <span class="method-name">verifyCreateAccountPageTest</span>
                <span class="method-start">3789 ms</span>
              </div> <!-- test-method -->
              <div class="configuration-method after">
                <span class="method-name">tearDown</span>
                <span class="method-start">3791 ms</span>
              </div> <!-- configuration-method after -->
            </div> <!-- chronological-class -->
            <div class="chronological-class">
              <div class="chronological-class-name">com.mystore.testcases.IndexPageTest</div> <!-- chronological-class-name -->
              <div class="configuration-method before">
                <img src="failed.png">
                </img>
                <span class="method-name">setUp</span>
                <span class="method-start">3794 ms</span>
              </div> <!-- configuration-method before -->
              <div class="test-method">
                <span class="method-name">verifyLogo</span>
                <span class="method-start">3796 ms</span>
              </div> <!-- test-method -->
              <div class="configuration-method after">
                <span class="method-name">tearDown</span>
                <span class="method-start">3800 ms</span>
              </div> <!-- configuration-method after -->
              <div class="configuration-method before">
                <span class="method-name">setUp</span>
                <span class="method-start">3802 ms</span>
              </div> <!-- configuration-method before -->
              <div class="test-method">
                <span class="method-name">verifyTitle</span>
                <span class="method-start">3803 ms</span>
              </div> <!-- test-method -->
              <div class="configuration-method after">
                <span class="method-name">tearDown</span>
                <span class="method-start">3806 ms</span>
              </div> <!-- configuration-method after -->
            </div> <!-- chronological-class -->
            <div class="chronological-class">
              <div class="chronological-class-name">com.mystore.testcases.SearchResultPageTest</div> <!-- chronological-class-name -->
              <div class="test-method">
                <span class="method-name">productAvailabilityTest</span>
                <span class="method-start">3810 ms</span>
              </div> <!-- test-method -->
              <div class="configuration-method after">
                <span class="method-name">tearDown</span>
                <span class="method-start">3813 ms</span>
              </div> <!-- configuration-method after -->
            </div> <!-- chronological-class -->
            <div class="chronological-class">
              <div class="chronological-class-name">com.mystore.testcases.HomePageTest</div> <!-- chronological-class-name -->
              <div class="configuration-method before">
                <img src="failed.png">
                </img>
                <span class="method-name">setUp</span>
                <span class="method-start">3814 ms</span>
              </div> <!-- configuration-method before -->
              <div class="test-method">
                <span class="method-name">orderHistoryAndDetailsTest</span>
                <span class="method-start">3816 ms</span>
              </div> <!-- test-method -->
              <div class="configuration-method after">
                <span class="method-name">tearDown</span>
                <span class="method-start">3819 ms</span>
              </div> <!-- configuration-method after -->
              <div class="configuration-method before">
                <span class="method-name">setUp</span>
                <span class="method-start">3821 ms</span>
              </div> <!-- configuration-method before -->
              <div class="test-method">
                <span class="method-name">wishListTest</span>
                <span class="method-start">3822 ms</span>
              </div> <!-- test-method -->
              <div class="configuration-method after">
                <span class="method-name">tearDown</span>
                <span class="method-start">3827 ms</span>
              </div> <!-- configuration-method after -->
            </div> <!-- chronological-class -->
            <div class="chronological-class">
              <div class="chronological-class-name">com.mystore.testcases.OrderPageTest</div> <!-- chronological-class-name -->
              <div class="test-method">
                <span class="method-name">verifyTotalPrice</span>
                <span class="method-start">3832 ms</span>
              </div> <!-- test-method -->
              <div class="configuration-method after">
                <span class="method-name">tearDown</span>
                <span class="method-start">3835 ms</span>
              </div> <!-- configuration-method after -->
            </div> <!-- chronological-class -->
            <div class="chronological-class">
              <div class="chronological-class-name">com.mystore.testcases.AddToCartPageTest</div> <!-- chronological-class-name -->
              <div class="test-method">
                <span class="method-name">addToCartTest</span>
                <span class="method-start">3838 ms</span>
              </div> <!-- test-method -->
              <div class="configuration-method after">
                <span class="method-name">tearDown</span>
                <span class="method-start">3840 ms</span>
              </div> <!-- configuration-method after -->
            </div> <!-- chronological-class -->
            <div class="chronological-class">
              <div class="chronological-class-name">com.mystore.testcases.LoginPageTest</div> <!-- chronological-class-name -->
              <div class="configuration-suite after">
                <span class="method-name">afterSuite</span>
                <span class="method-start">3965 ms</span>
              </div> <!-- configuration-suite after -->
          </div> <!-- main-panel-content rounded-window-bottom -->
        </div> <!-- panel -->
      </div> <!-- main-panel-root -->
    </div> <!-- wrapper -->
  </body>
<script type="text/javascript" src="testng-reports2.js"></script>
</html>
